
7월 29, 2019 10:50:40.51 NEW SESSION
7월 29, 2019 10:50:40.51 [5328:5820:0729/105040.518:ERROR:browser_process_sub_thread.cc(221)] Waited 5 ms for network service
7월 29, 2019 12:05:48.78 [6348:6172:0729/120548.786:ERROR:browser_process_sub_thread.cc(221)] Waited 21 ms for network service
7월 29, 2019 12:15:03.88 [6396:1392:0729/121503.881:ERROR:browser_process_sub_thread.cc(221)] Waited 6 ms for network service
7월 29, 2019 13:00:06.21 [4976:7704:0729/130006.212:ERROR:browser_process_sub_thread.cc(221)] Waited 4 ms for network service
7월 29, 2019 15:24:18.22 [6864:4020:0729/152418.223:ERROR:audio_manager_base.cc(363)] Invalid audio output parameters received; using fake audio path: format: 0, channel_layout: 0, channels: 0, sample_rate: 0, frames_per_buffer: 0, effects: 0, mic_positions: 
7월 29, 2019 15:24:42.89 [6864:4020:0729/152442.899:ERROR:audio_manager_base.cc(363)] Invalid audio output parameters received; using fake audio path: format: 0, channel_layout: 0, channels: 0, sample_rate: 0, frames_per_buffer: 0, effects: 0, mic_positions: 
7월 29, 2019 15:24:49.62 [6864:4020:0729/152449.623:ERROR:audio_manager_base.cc(363)] Invalid audio output parameters received; using fake audio path: format: 0, channel_layout: 0, channels: 0, sample_rate: 0, frames_per_buffer: 0, effects: 0, mic_positions: 
7월 29, 2019 15:24:58.13 [6864:4020:0729/152458.136:ERROR:audio_manager_base.cc(363)] Invalid audio output parameters received; using fake audio path: format: 0, channel_layout: 0, channels: 0, sample_rate: 0, frames_per_buffer: 0, effects: 0, mic_positions: 
7월 29, 2019 15:27:11.09 [6864:4020:0729/152711.090:ERROR:audio_manager_base.cc(363)] Invalid audio output parameters received; using fake audio path: format: 0, channel_layout: 0, channels: 0, sample_rate: 0, frames_per_buffer: 0, effects: 0, mic_positions: 
7월 29, 2019 15:32:20.21 [6864:4020:0729/153220.211:ERROR:audio_manager_base.cc(363)] Invalid audio output parameters received; using fake audio path: format: 0, channel_layout: 0, channels: 0, sample_rate: 0, frames_per_buffer: 0, effects: 0, mic_positions: 
7월 29, 2019 15:32:27.42 [6864:4020:0729/153227.419:ERROR:audio_manager_base.cc(363)] Invalid audio output parameters received; using fake audio path: format: 0, channel_layout: 0, channels: 0, sample_rate: 0, frames_per_buffer: 0, effects: 0, mic_positions: 
7월 29, 2019 15:38:45.31 [6864:4020:0729/153845.311:ERROR:audio_manager_base.cc(363)] Invalid audio output parameters received; using fake audio path: format: 0, channel_layout: 0, channels: 0, sample_rate: 0, frames_per_buffer: 0, effects: 0, mic_positions: 
7월 29, 2019 15:39:15.77 [6864:4020:0729/153915.773:ERROR:audio_manager_base.cc(363)] Invalid audio output parameters received; using fake audio path: format: 0, channel_layout: 0, channels: 0, sample_rate: 0, frames_per_buffer: 0, effects: 0, mic_positions: 
7월 29, 2019 15:39:33.52 [6864:4020:0729/153933.528:ERROR:audio_manager_base.cc(363)] Invalid audio output parameters received; using fake audio path: format: 0, channel_layout: 0, channels: 0, sample_rate: 0, frames_per_buffer: 0, effects: 0, mic_positions: 
7월 29, 2019 16:05:47.73 [6864:4020:0729/160547.731:ERROR:audio_manager_base.cc(363)] Invalid audio output parameters received; using fake audio path: format: 0, channel_layout: 0, channels: 0, sample_rate: 0, frames_per_buffer: 0, effects: 0, mic_positions: 
7월 29, 2019 16:05:47.81 [6864:4020:0729/160547.819:ERROR:audio_manager_base.cc(363)] Invalid audio output parameters received; using fake audio path: format: 0, channel_layout: 0, channels: 0, sample_rate: 0, frames_per_buffer: 0, effects: 0, mic_positions: 
7월 29, 2019 16:05:48.19 [6864:4020:0729/160548.193:ERROR:audio_manager_base.cc(363)] Invalid audio output parameters received; using fake audio path: format: 0, channel_layout: 0, channels: 0, sample_rate: 0, frames_per_buffer: 0, effects: 0, mic_positions: 
7월 29, 2019 16:05:57.43 [6864:4020:0729/160557.433:ERROR:audio_manager_base.cc(363)] Invalid audio output parameters received; using fake audio path: format: 0, channel_layout: 0, channels: 0, sample_rate: 0, frames_per_buffer: 0, effects: 0, mic_positions: 
7월 29, 2019 16:09:15.30 [6864:4020:0729/160915.306:ERROR:audio_manager_base.cc(363)] Invalid audio output parameters received; using fake audio path: format: 0, channel_layout: 0, channels: 0, sample_rate: 0, frames_per_buffer: 0, effects: 0, mic_positions: 
7월 29, 2019 16:09:20.81 [6864:4020:0729/160920.816:ERROR:audio_manager_base.cc(363)] Invalid audio output parameters received; using fake audio path: format: 0, channel_layout: 0, channels: 0, sample_rate: 0, frames_per_buffer: 0, effects: 0, mic_positions: 
7월 29, 2019 16:09:21.06 [6864:4020:0729/160921.060:ERROR:audio_manager_base.cc(363)] Invalid audio output parameters received; using fake audio path: format: 0, channel_layout: 0, channels: 0, sample_rate: 0, frames_per_buffer: 0, effects: 0, mic_positions: 
7월 29, 2019 16:09:21.41 [6864:4020:0729/160921.418:ERROR:audio_manager_base.cc(363)] Invalid audio output parameters received; using fake audio path: format: 0, channel_layout: 0, channels: 0, sample_rate: 0, frames_per_buffer: 0, effects: 0, mic_positions: 
7월 29, 2019 16:09:27.44 [6864:4020:0729/160927.441:ERROR:audio_manager_base.cc(363)] Invalid audio output parameters received; using fake audio path: format: 0, channel_layout: 0, channels: 0, sample_rate: 0, frames_per_buffer: 0, effects: 0, mic_positions: 
7월 29, 2019 16:09:48.95 [6864:4020:0729/160948.959:ERROR:audio_manager_base.cc(363)] Invalid audio output parameters received; using fake audio path: format: 0, channel_layout: 0, channels: 0, sample_rate: 0, frames_per_buffer: 0, effects: 0, mic_positions: 
7월 29, 2019 16:10:00.20 [6864:4020:0729/161000.200:ERROR:audio_manager_base.cc(363)] Invalid audio output parameters received; using fake audio path: format: 0, channel_layout: 0, channels: 0, sample_rate: 0, frames_per_buffer: 0, effects: 0, mic_positions: 
7월 29, 2019 16:10:06.86 [6864:4020:0729/161006.860:ERROR:audio_manager_base.cc(363)] Invalid audio output parameters received; using fake audio path: format: 0, channel_layout: 0, channels: 0, sample_rate: 0, frames_per_buffer: 0, effects: 0, mic_positions: 
7월 29, 2019 16:12:12.40 [6864:4020:0729/161212.404:ERROR:audio_manager_base.cc(363)] Invalid audio output parameters received; using fake audio path: format: 0, channel_layout: 0, channels: 0, sample_rate: 0, frames_per_buffer: 0, effects: 0, mic_positions: 
7월 29, 2019 16:12:43.00 [6864:4020:0729/161243.006:ERROR:audio_manager_base.cc(363)] Invalid audio output parameters received; using fake audio path: format: 0, channel_layout: 0, channels: 0, sample_rate: 0, frames_per_buffer: 0, effects: 0, mic_positions: 
7월 29, 2019 16:13:13.29 [6864:4020:0729/161313.298:ERROR:audio_manager_base.cc(363)] Invalid audio output parameters received; using fake audio path: format: 0, channel_layout: 0, channels: 0, sample_rate: 0, frames_per_buffer: 0, effects: 0, mic_positions: 
7월 29, 2019 16:22:25.99 [6864:4020:0729/162225.998:ERROR:audio_manager_base.cc(363)] Invalid audio output parameters received; using fake audio path: format: 0, channel_layout: 0, channels: 0, sample_rate: 0, frames_per_buffer: 0, effects: 0, mic_positions: 
7월 29, 2019 16:22:41.47 [6864:4020:0729/162241.479:ERROR:audio_manager_base.cc(363)] Invalid audio output parameters received; using fake audio path: format: 0, channel_layout: 0, channels: 0, sample_rate: 0, frames_per_buffer: 0, effects: 0, mic_positions: 
7월 29, 2019 16:23:19.82 [6864:4020:0729/162319.821:ERROR:audio_manager_base.cc(363)] Invalid audio output parameters received; using fake audio path: format: 0, channel_layout: 0, channels: 0, sample_rate: 0, frames_per_buffer: 0, effects: 0, mic_positions: 
7월 29, 2019 16:31:10.69 [6864:4020:0729/163110.695:ERROR:audio_manager_base.cc(363)] Invalid audio output parameters received; using fake audio path: format: 0, channel_layout: 0, channels: 0, sample_rate: 0, frames_per_buffer: 0, effects: 0, mic_positions: 
7월 29, 2019 16:39:07.37 [6864:4020:0729/163907.374:ERROR:audio_manager_base.cc(363)] Invalid audio output parameters received; using fake audio path: format: 0, channel_layout: 0, channels: 0, sample_rate: 0, frames_per_buffer: 0, effects: 0, mic_positions: 
7월 29, 2019 16:48:53.61 [6864:4020:0729/164853.612:ERROR:audio_manager_base.cc(363)] Invalid audio output parameters received; using fake audio path: format: 0, channel_layout: 0, channels: 0, sample_rate: 0, frames_per_buffer: 0, effects: 0, mic_positions: 
7월 29, 2019 16:56:51.12 [6864:4020:0729/165651.126:ERROR:audio_manager_base.cc(363)] Invalid audio output parameters received; using fake audio path: format: 0, channel_layout: 0, channels: 0, sample_rate: 0, frames_per_buffer: 0, effects: 0, mic_positions: 
7월 29, 2019 17:01:28.95 [6864:7672:0729/170128.953:ERROR:browser_process_sub_thread.cc(221)] Waited 3 ms for network service
7월 29, 2019 17:12:37.14 [8500:4128:0729/171237.140:ERROR:browser_process_sub_thread.cc(221)] Waited 16 ms for network service
7월 29, 2019 18:23:13.05 [5288:7976:0729/182313.057:ERROR:browser_process_sub_thread.cc(221)] Waited 32 ms for network service

8월 01, 2019 12:36:38.02 NEW SESSION
8월 01, 2019 12:36:38.02 [5372:5528:0801/123638.016:ERROR:audio_manager_base.cc(363)] Invalid audio output parameters received; using fake audio path: format: 0, channel_layout: 0, channels: 0, sample_rate: 0, frames_per_buffer: 0, effects: 0, mic_positions: 
8월 01, 2019 12:36:45.20 [5372:5528:0801/123645.204:ERROR:audio_manager_base.cc(363)] Invalid audio output parameters received; using fake audio path: format: 0, channel_layout: 0, channels: 0, sample_rate: 0, frames_per_buffer: 0, effects: 0, mic_positions: 
8월 01, 2019 12:37:04.63 [5372:5528:0801/123704.634:ERROR:audio_manager_base.cc(363)] Invalid audio output parameters received; using fake audio path: format: 0, channel_layout: 0, channels: 0, sample_rate: 0, frames_per_buffer: 0, effects: 0, mic_positions: 
8월 01, 2019 12:39:42.66 [5372:5528:0801/123942.667:ERROR:audio_manager_base.cc(363)] Invalid audio output parameters received; using fake audio path: format: 0, channel_layout: 0, channels: 0, sample_rate: 0, frames_per_buffer: 0, effects: 0, mic_positions: 
8월 01, 2019 12:42:29.55 [5372:5376:0801/124229.553:ERROR:textfield.cc(1758)] NOT IMPLEMENTED
8월 01, 2019 12:42:30.61 [5372:5528:0801/124230.615:ERROR:audio_manager_base.cc(363)] Invalid audio output parameters received; using fake audio path: format: 0, channel_layout: 0, channels: 0, sample_rate: 0, frames_per_buffer: 0, effects: 0, mic_positions: 
8월 01, 2019 12:47:56.25 [5372:5528:0801/124756.259:ERROR:audio_manager_base.cc(363)] Invalid audio output parameters received; using fake audio path: format: 0, channel_layout: 0, channels: 0, sample_rate: 0, frames_per_buffer: 0, effects: 0, mic_positions: 
8월 01, 2019 12:48:26.82 [5372:5528:0801/124826.822:ERROR:audio_manager_base.cc(363)] Invalid audio output parameters received; using fake audio path: format: 0, channel_layout: 0, channels: 0, sample_rate: 0, frames_per_buffer: 0, effects: 0, mic_positions: 
8월 01, 2019 12:50:40.83 [5372:5528:0801/125040.838:ERROR:audio_manager_base.cc(363)] Invalid audio output parameters received; using fake audio path: format: 0, channel_layout: 0, channels: 0, sample_rate: 0, frames_per_buffer: 0, effects: 0, mic_positions: 
8월 01, 2019 12:59:04.00 [5372:5528:0801/125904.002:ERROR:audio_manager_base.cc(363)] Invalid audio output parameters received; using fake audio path: format: 0, channel_layout: 0, channels: 0, sample_rate: 0, frames_per_buffer: 0, effects: 0, mic_positions: 
8월 01, 2019 13:00:50.68 [5372:5528:0801/130050.685:ERROR:audio_manager_base.cc(363)] Invalid audio output parameters received; using fake audio path: format: 0, channel_layout: 0, channels: 0, sample_rate: 0, frames_per_buffer: 0, effects: 0, mic_positions: 
8월 01, 2019 13:01:29.41 [5372:5528:0801/130129.414:ERROR:audio_manager_base.cc(363)] Invalid audio output parameters received; using fake audio path: format: 0, channel_layout: 0, channels: 0, sample_rate: 0, frames_per_buffer: 0, effects: 0, mic_positions: 
8월 01, 2019 13:07:52.58 [5372:5528:0801/130752.587:ERROR:audio_manager_base.cc(363)] Invalid audio output parameters received; using fake audio path: format: 0, channel_layout: 0, channels: 0, sample_rate: 0, frames_per_buffer: 0, effects: 0, mic_positions: 
8월 01, 2019 13:46:21.06 [5372:5528:0801/134621.069:ERROR:audio_manager_base.cc(363)] Invalid audio output parameters received; using fake audio path: format: 0, channel_layout: 0, channels: 0, sample_rate: 0, frames_per_buffer: 0, effects: 0, mic_positions: 
8월 01, 2019 14:47:43.73 [5372:5464:0801/144743.737:ERROR:browser_process_sub_thread.cc(221)] Waited 49 ms for network service
8월 01, 2019 16:41:17.90 [10532:10284:0801/164117.900:ERROR:browser_process_sub_thread.cc(221)] Waited 9 ms for network service

8월 02, 2019 09:44:59.93 NEW SESSION
8월 02, 2019 09:44:59.93 [4244:4844:0802/094459.931:ERROR:browser_process_sub_thread.cc(221)] Waited 17 ms for network service
8월 02, 2019 09:46:23.36 [5388:5648:0802/094623.360:ERROR:browser_process_sub_thread.cc(221)] Waited 10 ms for network service
8월 02, 2019 15:10:40.13 [5472:4140:0802/151040.131:ERROR:audio_manager_base.cc(363)] Invalid audio output parameters received; using fake audio path: format: 0, channel_layout: 0, channels: 0, sample_rate: 0, frames_per_buffer: 0, effects: 0, mic_positions: 
8월 02, 2019 15:22:53.89 [5472:4140:0802/152253.895:ERROR:audio_manager_base.cc(363)] Invalid audio output parameters received; using fake audio path: format: 0, channel_layout: 0, channels: 0, sample_rate: 0, frames_per_buffer: 0, effects: 0, mic_positions: 
8월 02, 2019 15:23:59.22 [5472:4140:0802/152359.229:ERROR:audio_manager_base.cc(363)] Invalid audio output parameters received; using fake audio path: format: 0, channel_layout: 0, channels: 0, sample_rate: 0, frames_per_buffer: 0, effects: 0, mic_positions: 
8월 02, 2019 15:24:56.01 [5472:4140:0802/152456.016:ERROR:audio_manager_base.cc(363)] Invalid audio output parameters received; using fake audio path: format: 0, channel_layout: 0, channels: 0, sample_rate: 0, frames_per_buffer: 0, effects: 0, mic_positions: 
8월 02, 2019 15:41:52.63 [5472:4140:0802/154152.636:ERROR:audio_manager_base.cc(363)] Invalid audio output parameters received; using fake audio path: format: 0, channel_layout: 0, channels: 0, sample_rate: 0, frames_per_buffer: 0, effects: 0, mic_positions: 
8월 02, 2019 15:49:34.76 [5472:4140:0802/154934.768:ERROR:audio_manager_base.cc(363)] Invalid audio output parameters received; using fake audio path: format: 0, channel_layout: 0, channels: 0, sample_rate: 0, frames_per_buffer: 0, effects: 0, mic_positions: 
8월 02, 2019 16:09:08.59 [5472:4140:0802/160908.589:ERROR:audio_manager_base.cc(363)] Invalid audio output parameters received; using fake audio path: format: 0, channel_layout: 0, channels: 0, sample_rate: 0, frames_per_buffer: 0, effects: 0, mic_positions: 
8월 02, 2019 18:15:31.33 [5472:4140:0802/181531.332:ERROR:audio_manager_base.cc(363)] Invalid audio output parameters received; using fake audio path: format: 0, channel_layout: 0, channels: 0, sample_rate: 0, frames_per_buffer: 0, effects: 0, mic_positions: 
8월 02, 2019 18:31:58.83 [5472:9252:0802/183158.829:ERROR:platform_sensor_reader_win.cc(244)] NOT IMPLEMENTED
